Determining if the pthread_create exist failed with the following output:
Change Dir: /home/simmu/drone_ws/build/CMakeFiles/CMakeTmp

Run Build Command:/usr/bin/make "cmTryCompileExec1082966643/fast"
/usr/bin/make -f CMakeFiles/cmTryCompileExec1082966643.dir/build.make CMakeFiles/cmTryCompileExec1082966643.dir/build
make[1]: Entering directory `/home/simmu/drone_ws/build/CMakeFiles/CMakeTmp'
/usr/bin/cmake -E cmake_progress_report /home/simmu/drone_ws/build/CMakeFiles/CMakeTmp/CMakeFiles 1
Building C object CMakeFiles/cmTryCompileExec1082966643.dir/CheckSymbolExists.c.o
/usr/bin/cc    -o CMakeFiles/cmTryCompileExec1082966643.dir/CheckSymbolExists.c.o   -c /home/simmu/drone_ws/build/CMakeFiles/CMakeTmp/CheckSymbolExists.c
Linking C executable cmTryCompileExec1082966643
/usr/bin/cmake -E cmake_link_script CMakeFiles/cmTryCompileExec1082966643.dir/link.txt --verbose=1
/usr/bin/cc       CMakeFiles/cmTryCompileExec1082966643.dir/CheckSymbolExists.c.o  -o cmTryCompileExec1082966643 -rdynamic 
CMakeFiles/cmTryCompileExec1082966643.dir/CheckSymbolExists.c.o: In function `main':
CheckSymbolExists.c:(.text+0x16): undefined reference to `pthread_create'
collect2: error: ld returned 1 exit status
make[1]: Leaving directory `/home/simmu/drone_ws/build/CMakeFiles/CMakeTmp'
make[1]: *** [cmTryCompileExec1082966643] Error 1
make: *** [cmTryCompileExec1082966643/fast] Error 2

File /home/simmu/drone_ws/build/CMakeFiles/CMakeTmp/CheckSymbolExists.c:
/* */
#include <pthread.h>

int main(int argc, char** argv)
{
  (void)argv;
#ifndef pthread_create
  return ((int*)(&pthread_create))[argc];
#else
  (void)argc;
  return 0;
#endif
}

Determining if the function pthread_create exists in the pthreads failed with the following output:
Change Dir: /home/simmu/drone_ws/build/CMakeFiles/CMakeTmp

Run Build Command:/usr/bin/make "cmTryCompileExec559063149/fast"
/usr/bin/make -f CMakeFiles/cmTryCompileExec559063149.dir/build.make CMakeFiles/cmTryCompileExec559063149.dir/build
make[1]: Entering directory `/home/simmu/drone_ws/build/CMakeFiles/CMakeTmp'
/usr/bin/cmake -E cmake_progress_report /home/simmu/drone_ws/build/CMakeFiles/CMakeTmp/CMakeFiles 1
Building C object CMakeFiles/cmTryCompileExec559063149.dir/CheckFunctionExists.c.o
/usr/bin/cc   -DCHECK_FUNCTION_EXISTS=pthread_create   -o CMakeFiles/cmTryCompileExec559063149.dir/CheckFunctionExists.c.o   -c /usr/share/cmake-2.8/Modules/CheckFunctionExists.c
Linking C executable cmTryCompileExec559063149
/usr/bin/cmake -E cmake_link_script CMakeFiles/cmTryCompileExec559063149.dir/link.txt --verbose=1
/usr/bin/cc   -DCHECK_FUNCTION_EXISTS=pthread_create    CMakeFiles/cmTryCompileExec559063149.dir/CheckFunctionExists.c.o  -o cmTryCompileExec559063149 -rdynamic -lpthreads 
/usr/bin/ld: cannot find -lpthreads
collect2: error: ld returned 1 exit status
make[1]: *** [cmTryCompileExec559063149] Error 1
make[1]: Leaving directory `/home/simmu/drone_ws/build/CMakeFiles/CMakeTmp'
make: *** [cmTryCompileExec559063149/fast] Error 2


Determining if the Q_WS_WIN exist failed with the following output:
Change Dir: /home/simmu/drone_ws/build/CMakeFiles/CMakeTmp

Run Build Command:/usr/bin/make "cmTryCompileExec2729617350/fast"
/usr/bin/make -f CMakeFiles/cmTryCompileExec2729617350.dir/build.make CMakeFiles/cmTryCompileExec2729617350.dir/build
make[1]: Entering directory `/home/simmu/drone_ws/build/CMakeFiles/CMakeTmp'
/usr/bin/cmake -E cmake_progress_report /home/simmu/drone_ws/build/CMakeFiles/CMakeTmp/CMakeFiles 1
Building CXX object CMakeFiles/cmTryCompileExec2729617350.dir/CheckSymbolExists.cxx.o
/usr/bin/c++    -I/usr/include/qt4    -o CMakeFiles/cmTryCompileExec2729617350.dir/CheckSymbolExists.cxx.o -c /home/simmu/drone_ws/build/CMakeFiles/CMakeTmp/CheckSymbolExists.cxx
/home/simmu/drone_ws/build/CMakeFiles/CMakeTmp/CheckSymbolExists.cxx: In function ‘int main(int, char**)’:
/home/simmu/drone_ws/build/CMakeFiles/CMakeTmp/CheckSymbolExists.cxx:8:19: error: ‘Q_WS_WIN’ was not declared in this scope
   return ((int*)(&Q_WS_WIN))[argc];
                   ^
make[1]: *** [CMakeFiles/cmTryCompileExec2729617350.dir/CheckSymbolExists.cxx.o] Error 1
make[1]: Leaving directory `/home/simmu/drone_ws/build/CMakeFiles/CMakeTmp'
make: *** [cmTryCompileExec2729617350/fast] Error 2

File /home/simmu/drone_ws/build/CMakeFiles/CMakeTmp/CheckSymbolExists.cxx:
/* */
#include <QtCore/qglobal.h>

int main(int argc, char** argv)
{
  (void)argv;
#ifndef Q_WS_WIN
  return ((int*)(&Q_WS_WIN))[argc];
#else
  (void)argc;
  return 0;
#endif
}

Determining if the Q_WS_QWS exist failed with the following output:
Change Dir: /home/simmu/drone_ws/build/CMakeFiles/CMakeTmp

Run Build Command:/usr/bin/make "cmTryCompileExec3873854166/fast"
/usr/bin/make -f CMakeFiles/cmTryCompileExec3873854166.dir/build.make CMakeFiles/cmTryCompileExec3873854166.dir/build
make[1]: Entering directory `/home/simmu/drone_ws/build/CMakeFiles/CMakeTmp'
/usr/bin/cmake -E cmake_progress_report /home/simmu/drone_ws/build/CMakeFiles/CMakeTmp/CMakeFiles 1
Building CXX object CMakeFiles/cmTryCompileExec3873854166.dir/CheckSymbolExists.cxx.o
/usr/bin/c++    -I/usr/include/qt4    -o CMakeFiles/cmTryCompileExec3873854166.dir/CheckSymbolExists.cxx.o -c /home/simmu/drone_ws/build/CMakeFiles/CMakeTmp/CheckSymbolExists.cxx
/home/simmu/drone_ws/build/CMakeFiles/CMakeTmp/CheckSymbolExists.cxx: In function ‘int main(int, char**)’:
/home/simmu/drone_ws/build/CMakeFiles/CMakeTmp/CheckSymbolExists.cxx:8:19: error: ‘Q_WS_QWS’ was not declared in this scope
   return ((int*)(&Q_WS_QWS))[argc];
                   ^
make[1]: *** [CMakeFiles/cmTryCompileExec3873854166.dir/CheckSymbolExists.cxx.o] Error 1
make[1]: Leaving directory `/home/simmu/drone_ws/build/CMakeFiles/CMakeTmp'
make: *** [cmTryCompileExec3873854166/fast] Error 2

File /home/simmu/drone_ws/build/CMakeFiles/CMakeTmp/CheckSymbolExists.cxx:
/* */
#include <QtCore/qglobal.h>

int main(int argc, char** argv)
{
  (void)argv;
#ifndef Q_WS_QWS
  return ((int*)(&Q_WS_QWS))[argc];
#else
  (void)argc;
  return 0;
#endif
}

Determining if the Q_WS_MAC exist failed with the following output:
Change Dir: /home/simmu/drone_ws/build/CMakeFiles/CMakeTmp

Run Build Command:/usr/bin/make "cmTryCompileExec3125763526/fast"
/usr/bin/make -f CMakeFiles/cmTryCompileExec3125763526.dir/build.make CMakeFiles/cmTryCompileExec3125763526.dir/build
make[1]: Entering directory `/home/simmu/drone_ws/build/CMakeFiles/CMakeTmp'
/usr/bin/cmake -E cmake_progress_report /home/simmu/drone_ws/build/CMakeFiles/CMakeTmp/CMakeFiles 1
Building CXX object CMakeFiles/cmTryCompileExec3125763526.dir/CheckSymbolExists.cxx.o
/usr/bin/c++    -I/usr/include/qt4    -o CMakeFiles/cmTryCompileExec3125763526.dir/CheckSymbolExists.cxx.o -c /home/simmu/drone_ws/build/CMakeFiles/CMakeTmp/CheckSymbolExists.cxx
/home/simmu/drone_ws/build/CMakeFiles/CMakeTmp/CheckSymbolExists.cxx: In function ‘int main(int, char**)’:
/home/simmu/drone_ws/build/CMakeFiles/CMakeTmp/CheckSymbolExists.cxx:8:19: error: ‘Q_WS_MAC’ was not declared in this scope
   return ((int*)(&Q_WS_MAC))[argc];
                   ^
make[1]: *** [CMakeFiles/cmTryCompileExec3125763526.dir/CheckSymbolExists.cxx.o] Error 1
make[1]: Leaving directory `/home/simmu/drone_ws/build/CMakeFiles/CMakeTmp'
make: *** [cmTryCompileExec3125763526/fast] Error 2

File /home/simmu/drone_ws/build/CMakeFiles/CMakeTmp/CheckSymbolExists.cxx:
/* */
#include <QtCore/qglobal.h>

int main(int argc, char** argv)
{
  (void)argv;
#ifndef Q_WS_MAC
  return ((int*)(&Q_WS_MAC))[argc];
#else
  (void)argc;
  return 0;
#endif
}

